{"/Users/rshuken/Projects/npm-base-system/src/controller/user.ts": {"path":"/Users/rshuken/Projects/npm-base-system/src/controller/user.ts","statementMap":{"0":{"start":{"line":2,"column":0},"end":{"line":2,"column":67}},"1":{"start":{"line":3,"column":0},"end":{"line":3,"column":60}},"2":{"start":{"line":4,"column":0},"end":{"line":4,"column":null}},"3":{"start":{"line":12,"column":0},"end":{"line":12,"column":50}},"4":{"start":{"line":20,"column":0},"end":{"line":199,"column":null}},"5":{"start":{"line":26,"column":12},"end":{"line":26,"column":44}},"6":{"start":{"line":29,"column":30},"end":{"line":29,"column":57}},"7":{"start":{"line":32,"column":8},"end":{"line":32,"column":25}},"8":{"start":{"line":33,"column":8},"end":{"line":33,"column":25}},"9":{"start":{"line":44,"column":12},"end":{"line":44,"column":44}},"10":{"start":{"line":47,"column":39},"end":{"line":48,"column":null}},"11":{"start":{"line":51,"column":8},"end":{"line":60,"column":null}},"12":{"start":{"line":53,"column":12},"end":{"line":53,"column":29}},"13":{"start":{"line":54,"column":12},"end":{"line":54,"column":28}},"14":{"start":{"line":57,"column":12},"end":{"line":57,"column":29}},"15":{"start":{"line":58,"column":12},"end":{"line":59,"column":78}},"16":{"start":{"line":69,"column":12},"end":{"line":69,"column":44}},"17":{"start":{"line":72,"column":36},"end":{"line":72,"column":46}},"18":{"start":{"line":74,"column":8},"end":{"line":74,"column":51}},"19":{"start":{"line":76,"column":8},"end":{"line":76,"column":53}},"20":{"start":{"line":79,"column":42},"end":{"line":79,"column":71}},"21":{"start":{"line":81,"column":8},"end":{"line":97,"column":null}},"22":{"start":{"line":83,"column":12},"end":{"line":83,"column":29}},"23":{"start":{"line":84,"column":12},"end":{"line":84,"column":30}},"24":{"start":{"line":85,"column":15},"end":{"line":97,"column":null}},"25":{"start":{"line":89,"column":12},"end":{"line":89,"column":29}},"26":{"start":{"line":90,"column":12},"end":{"line":90,"column":69}},"27":{"start":{"line":93,"column":25},"end":{"line":93,"column":65}},"28":{"start":{"line":95,"column":12},"end":{"line":95,"column":29}},"29":{"start":{"line":96,"column":12},"end":{"line":96,"column":28}},"30":{"start":{"line":109,"column":12},"end":{"line":109,"column":44}},"31":{"start":{"line":113,"column":38},"end":{"line":113,"column":48}},"32":{"start":{"line":114,"column":8},"end":{"line":114,"column":49}},"33":{"start":{"line":116,"column":8},"end":{"line":116,"column":53}},"34":{"start":{"line":118,"column":8},"end":{"line":118,"column":55}},"35":{"start":{"line":121,"column":42},"end":{"line":121,"column":73}},"36":{"start":{"line":123,"column":8},"end":{"line":148,"column":null}},"37":{"start":{"line":125,"column":12},"end":{"line":125,"column":29}},"38":{"start":{"line":126,"column":12},"end":{"line":126,"column":30}},"39":{"start":{"line":127,"column":15},"end":{"line":148,"column":null}},"40":{"start":{"line":130,"column":12},"end":{"line":130,"column":29}},"41":{"start":{"line":131,"column":12},"end":{"line":132,"column":76}},"42":{"start":{"line":133,"column":15},"end":{"line":148,"column":null}},"43":{"start":{"line":140,"column":12},"end":{"line":140,"column":29}},"44":{"start":{"line":141,"column":12},"end":{"line":141,"column":69}},"45":{"start":{"line":144,"column":25},"end":{"line":144,"column":67}},"46":{"start":{"line":146,"column":12},"end":{"line":146,"column":29}},"47":{"start":{"line":147,"column":12},"end":{"line":147,"column":28}},"48":{"start":{"line":158,"column":31},"end":{"line":158,"column":63}},"49":{"start":{"line":161,"column":47},"end":{"line":162,"column":null}},"50":{"start":{"line":164,"column":8},"end":{"line":179,"column":null}},"51":{"start":{"line":166,"column":12},"end":{"line":166,"column":29}},"52":{"start":{"line":167,"column":12},"end":{"line":168,"column":76}},"53":{"start":{"line":169,"column":15},"end":{"line":179,"column":null}},"54":{"start":{"line":172,"column":12},"end":{"line":172,"column":29}},"55":{"start":{"line":173,"column":12},"end":{"line":173,"column":63}},"56":{"start":{"line":176,"column":12},"end":{"line":176,"column":54}},"57":{"start":{"line":178,"column":12},"end":{"line":178,"column":29}},"58":{"start":{"line":186,"column":31},"end":{"line":186,"column":63}},"59":{"start":{"line":189,"column":38},"end":{"line":191,"column":10}},"60":{"start":{"line":194,"column":8},"end":{"line":194,"column":51}},"61":{"start":{"line":197,"column":8},"end":{"line":197,"column":25}},"62":{"start":{"line":23,"column":4},"end":{"line":34,"column":null}},"63":{"start":{"line":41,"column":4},"end":{"line":61,"column":null}},"64":{"start":{"line":66,"column":4},"end":{"line":98,"column":null}},"65":{"start":{"line":106,"column":4},"end":{"line":149,"column":null}},"66":{"start":{"line":156,"column":4},"end":{"line":180,"column":null}},"67":{"start":{"line":184,"column":4},"end":{"line":198,"column":null}},"68":{"start":{"line":20,"column":21},"end":{"line":199,"column":null}},"69":{"start":{"line":20,"column":21},"end":{"line":20,"column":null}}},"fnMap":{"0":{"name":"(anonymous_2)","decl":{"start":{"line":23,"column":11},"end":{"line":23,"column":17}},"loc":{"start":{"line":23,"column":45},"end":{"line":34,"column":5}}},"1":{"name":"(anonymous_3)","decl":{"start":{"line":41,"column":11},"end":{"line":41,"column":17}},"loc":{"start":{"line":41,"column":44},"end":{"line":61,"column":5}}},"2":{"name":"(anonymous_4)","decl":{"start":{"line":66,"column":11},"end":{"line":66,"column":17}},"loc":{"start":{"line":66,"column":47},"end":{"line":98,"column":5}}},"3":{"name":"(anonymous_5)","decl":{"start":{"line":106,"column":11},"end":{"line":106,"column":17}},"loc":{"start":{"line":106,"column":47},"end":{"line":149,"column":5}}},"4":{"name":"(anonymous_6)","decl":{"start":{"line":156,"column":11},"end":{"line":156,"column":17}},"loc":{"start":{"line":156,"column":47},"end":{"line":180,"column":5}}},"5":{"name":"(anonymous_7)","decl":{"start":{"line":184,"column":11},"end":{"line":184,"column":17}},"loc":{"start":{"line":184,"column":52},"end":{"line":198,"column":5}}}},"branchMap":{"0":{"loc":{"start":{"line":48,"column":12},"end":{"line":48,"column":31}},"type":"binary-expr","locations":[{"start":{"line":48,"column":12},"end":{"line":48,"column":26}},{"start":{"line":48,"column":30},"end":{"line":48,"column":31}}]},"1":{"loc":{"start":{"line":51,"column":8},"end":{"line":60,"column":null}},"type":"if","locations":[{"start":{"line":51,"column":8},"end":{"line":60,"column":null}},{"start":{"line":55,"column":15},"end":{"line":60,"column":null}}]},"2":{"loc":{"start":{"line":81,"column":8},"end":{"line":97,"column":null}},"type":"if","locations":[{"start":{"line":81,"column":8},"end":{"line":97,"column":null}},{"start":{"line":85,"column":15},"end":{"line":97,"column":null}}]},"3":{"loc":{"start":{"line":85,"column":15},"end":{"line":97,"column":null}},"type":"if","locations":[{"start":{"line":85,"column":15},"end":{"line":97,"column":null}},{"start":{"line":91,"column":15},"end":{"line":97,"column":null}}]},"4":{"loc":{"start":{"line":114,"column":29},"end":{"line":114,"column":48}},"type":"binary-expr","locations":[{"start":{"line":114,"column":29},"end":{"line":114,"column":43}},{"start":{"line":114,"column":47},"end":{"line":114,"column":48}}]},"5":{"loc":{"start":{"line":123,"column":8},"end":{"line":148,"column":null}},"type":"if","locations":[{"start":{"line":123,"column":8},"end":{"line":148,"column":null}},{"start":{"line":127,"column":15},"end":{"line":148,"column":null}}]},"6":{"loc":{"start":{"line":127,"column":15},"end":{"line":148,"column":null}},"type":"if","locations":[{"start":{"line":127,"column":15},"end":{"line":148,"column":null}},{"start":{"line":133,"column":15},"end":{"line":148,"column":null}}]},"7":{"loc":{"start":{"line":133,"column":15},"end":{"line":148,"column":null}},"type":"if","locations":[{"start":{"line":133,"column":15},"end":{"line":148,"column":null}},{"start":{"line":142,"column":15},"end":{"line":148,"column":null}}]},"8":{"loc":{"start":{"line":162,"column":12},"end":{"line":162,"column":31}},"type":"binary-expr","locations":[{"start":{"line":162,"column":12},"end":{"line":162,"column":26}},{"start":{"line":162,"column":30},"end":{"line":162,"column":31}}]},"9":{"loc":{"start":{"line":164,"column":8},"end":{"line":179,"column":null}},"type":"if","locations":[{"start":{"line":164,"column":8},"end":{"line":179,"column":null}},{"start":{"line":169,"column":15},"end":{"line":179,"column":null}}]},"10":{"loc":{"start":{"line":169,"column":15},"end":{"line":179,"column":null}},"type":"if","locations":[{"start":{"line":169,"column":15},"end":{"line":179,"column":null}},{"start":{"line":174,"column":15},"end":{"line":179,"column":null}}]}},"s":{"0":1,"1":1,"2":1,"3":1,"4":1,"5":1,"6":1,"7":1,"8":1,"9":2,"10":2,"11":2,"12":1,"13":1,"14":1,"15":1,"16":3,"17":3,"18":3,"19":3,"20":3,"21":3,"22":1,"23":1,"24":2,"25":1,"26":1,"27":1,"28":1,"29":1,"30":4,"31":4,"32":4,"33":4,"34":4,"35":4,"36":4,"37":1,"38":1,"39":3,"40":1,"41":1,"42":2,"43":1,"44":1,"45":1,"46":1,"47":1,"48":3,"49":3,"50":3,"51":1,"52":1,"53":2,"54":1,"55":1,"56":1,"57":1,"58":1,"59":1,"60":1,"61":1,"62":1,"63":1,"64":1,"65":1,"66":1,"67":1,"68":1,"69":1},"f":{"0":1,"1":2,"2":3,"3":4,"4":3,"5":1},"b":{"0":[2,2],"1":[1,1],"2":[1,2],"3":[1,1],"4":[4,4],"5":[1,3],"6":[1,2],"7":[1,1],"8":[3,3],"9":[1,2],"10":[1,1]}}
,"/Users/rshuken/Projects/npm-base-system/src/entity/user.ts": {"path":"/Users/rshuken/Projects/npm-base-system/src/entity/user.ts","statementMap":{"0":{"start":{"line":1,"column":0},"end":{"line":1,"column":65}},"1":{"start":{"line":2,"column":0},"end":{"line":2,"column":50}},"2":{"start":{"line":5,"column":0},"end":{"line":21,"column":null}},"3":{"start":{"line":7,"column":4},"end":{"line":7,"column":null}},"4":{"start":{"line":13,"column":4},"end":{"line":13,"column":null}},"5":{"start":{"line":20,"column":4},"end":{"line":20,"column":null}},"6":{"start":{"line":5,"column":13},"end":{"line":21,"column":null}},"7":{"start":{"line":5,"column":13},"end":{"line":5,"column":17}},"8":{"start":{"line":23,"column":13},"end":{"line":27,"column":2}}},"fnMap":{},"branchMap":{},"s":{"0":2,"1":2,"2":2,"3":2,"4":2,"5":2,"6":2,"7":2,"8":2},"f":{},"b":{}}
}
