TN:
SF:src/controller/user.ts
FN:23,(anonymous_2)
FN:41,(anonymous_3)
FN:66,(anonymous_4)
FN:106,(anonymous_5)
FN:156,(anonymous_6)
FN:184,(anonymous_7)
FNF:6
FNH:6
FNDA:1,(anonymous_2)
FNDA:2,(anonymous_3)
FNDA:3,(anonymous_4)
FNDA:4,(anonymous_5)
FNDA:3,(anonymous_6)
FNDA:1,(anonymous_7)
DA:2,1
DA:3,1
DA:4,1
DA:12,1
DA:20,1
DA:23,1
DA:26,1
DA:29,1
DA:32,1
DA:33,1
DA:41,1
DA:44,2
DA:47,2
DA:51,2
DA:53,1
DA:54,1
DA:57,1
DA:58,1
DA:66,1
DA:69,3
DA:72,3
DA:74,3
DA:76,3
DA:79,3
DA:81,3
DA:83,1
DA:84,1
DA:85,2
DA:89,1
DA:90,1
DA:93,1
DA:95,1
DA:96,1
DA:106,1
DA:109,4
DA:113,4
DA:114,4
DA:116,4
DA:118,4
DA:121,4
DA:123,4
DA:125,1
DA:126,1
DA:127,3
DA:130,1
DA:131,1
DA:133,2
DA:140,1
DA:141,1
DA:144,1
DA:146,1
DA:147,1
DA:156,1
DA:158,3
DA:161,3
DA:164,3
DA:166,1
DA:167,1
DA:169,2
DA:172,1
DA:173,1
DA:176,1
DA:178,1
DA:184,1
DA:186,1
DA:189,1
DA:194,1
DA:197,1
LF:68
LH:68
BRDA:48,0,0,2
BRDA:48,0,1,2
BRDA:51,1,0,1
BRDA:51,1,1,1
BRDA:81,2,0,1
BRDA:81,2,1,2
BRDA:85,3,0,1
BRDA:85,3,1,1
BRDA:114,4,0,4
BRDA:114,4,1,4
BRDA:123,5,0,1
BRDA:123,5,1,3
BRDA:127,6,0,1
BRDA:127,6,1,2
BRDA:133,7,0,1
BRDA:133,7,1,1
BRDA:162,8,0,3
BRDA:162,8,1,3
BRDA:164,9,0,1
BRDA:164,9,1,2
BRDA:169,10,0,1
BRDA:169,10,1,1
BRF:22
BRH:22
end_of_record
TN:
SF:src/entity/user.ts
FNF:0
FNH:0
DA:1,2
DA:2,2
DA:5,2
DA:7,2
DA:13,2
DA:20,2
DA:23,2
LF:7
LH:7
BRF:0
BRH:0
end_of_record
